================================================================================================================================
ContraTCR Colab Test
================================================================================================================================
Executed with: python ./run.py--config_path./config/final/final_regular_adapter_20.yaml--train_feature_path./result/final_regular_extract/20241128-05-14-55/feature_data_train.csv--test_feature_path./result/final_regular_extract/20241128-05-14-55/feature_data_test.csv--modepredict--result_path./result/final_regular_predict/
================================================================================================================================
Result Directory: /mnt/pixstor/data/yz3qt/11785-TCR/result/final_regular_predict/20241201-00-09-12
Checkpoint Directory: /mnt/pixstor/data/yz3qt/11785-TCR/result/final_regular_predict/20241201-00-09-12/checkpoint
Log Directory: /mnt/pixstor/data/yz3qt/11785-TCR/result/final_regular_predict/20241201-00-09-12/loginfo.log
Config Directory: /mnt/pixstor/data/yz3qt/11785-TCR/result/final_regular_predict/20241201-00-09-12/final_regular_adapter_20.yaml
Current Working Directory: /mnt/pixstor/data/yz3qt/11785-TCR
================================================================================================================================
#### final_regular_adapter_20.yaml ####
    #fix_seed: 42
    description: "ContraTCR Colab Test"
    dataset: "PyTDC"
    tcr_embedding_source: "BindingSite"
              # "Full"
    batch_mode: "Regular"
                  # "ByEpitope"
                  # "Regular"
    batch_size: 192  # 192
    epochs: 400
    max_learning_rate: 3e-4
    min_learning_rate: 0
    
    optimizer_beta1: 0.9
    optimizer_beta2: 0.999
    optimizer_weight_decay: 0.0005
    optimizer_eps: 1e-16
    
    scheduler_first_cycle_steps: 100
    scheduler_warmup_epochs: 0
    scheduler_gamma: 1
    
    contrastive_mode: "Triplet"
                      # "Triplet"
                      # "MultiPosNeg"
    n_pos: 2
    n_neg: 3
    temp: 0.1
    
    negative_sampling_mode: "ExcludePos"
                            # "ExcludePos"
                            # "RandomNeg"
                            # "HardNeg"
    hard_neg_mining_sample_num: 1
    hard_neg_mining_adaptive_rate: 2
    
    encoder_name:  esm2_t33_650M_UR50D
                    # esm2_t36_3B_UR50D,
                    # esm2_t33_650M_UR50D,
                    # esm2_t30_150M_UR50D,
                    # esm2_t12_35M_UR50D,
                    # esm2_t6_8M_UR50D,
    tune_ESM_table: False
    fine_tuning:
      enable: False
      unfix_last_layer: 4
    adapter_h:
      enable: True
      num_end_adapter_layers: 20
      module_type: "MLP1"
    lora:
      enable: False
      esm_num_end_lora: -1
      r: 8
      alpha: 32
      dropout: 0.05
    
    
    projection_head_name: "LayerNorm"
    hidden_dim: 512
    out_dim: 128
    drop_out: 0.1
================================================================================================================================
XGBoost model training & binding specificity prediction
Accuracy on test data: 0.6594
AUROC on test data: 0.7074
AUPR on test data: 0.6744
F1 Score on test data: 0.5951
Classification Report:
              precision    recall  f1-score   support

           0       0.62      0.83      0.71      2335
           1       0.74      0.50      0.60      2383

    accuracy                           0.66      4718
   macro avg       0.68      0.66      0.65      4718
weighted avg       0.68      0.66      0.65      4718

================================================================================================================================
XGBoost model training & binding specificity prediction - with additional SMI features
Accuracy on test data: 0.6869
AUROC on test data: 0.7344
AUPR on test data: 0.7053
F1 Score on test data: 0.6750
Classification Report:
              precision    recall  f1-score   support

           0       0.67      0.73      0.70      2335
           1       0.71      0.64      0.68      2383

    accuracy                           0.69      4718
   macro avg       0.69      0.69      0.69      4718
weighted avg       0.69      0.69      0.69      4718

================================================================================================================================
MLP model training & binding specificity prediction
Accuracy on test data: 0.6867
AUROC on test data: 0.7416
AUPR on test data: 0.7074
F1 Score on test data: 0.7066
Classification Report:
              precision    recall  f1-score   support

           0       0.71      0.63      0.66      2335
           1       0.67      0.75      0.71      2383

    accuracy                           0.69      4718
   macro avg       0.69      0.69      0.69      4718
weighted avg       0.69      0.69      0.69      4718

================================================================================================================================
MLP model training & binding specificity prediction - with additional SMI features
Accuracy on test data: 0.6884
AUROC on test data: 0.7399
AUPR on test data: 0.7069
F1 Score on test data: 0.6998
Classification Report:
              precision    recall  f1-score   support

           0       0.70      0.66      0.68      2335
           1       0.68      0.72      0.70      2383

    accuracy                           0.69      4718
   macro avg       0.69      0.69      0.69      4718
weighted avg       0.69      0.69      0.69      4718

================================================================================================================================
CNN model training & binding specificity prediction
Accuracy on test data: 0.6910
AUROC on test data: 0.7429
AUPR on test data: 0.7080
F1 Score on test data: 0.6887
Classification Report:
              precision    recall  f1-score   support

           0       0.68      0.71      0.69      2335
           1       0.70      0.68      0.69      2383

    accuracy                           0.69      4718
   macro avg       0.69      0.69      0.69      4718
weighted avg       0.69      0.69      0.69      4718

================================================================================================================================
CNN model training & binding specificity prediction - with additional SMI features
Accuracy on test data: 0.6848
AUROC on test data: 0.7414
AUPR on test data: 0.7075
F1 Score on test data: 0.6731
Classification Report:
              precision    recall  f1-score   support

           0       0.67      0.73      0.70      2335
           1       0.71      0.64      0.67      2383

    accuracy                           0.68      4718
   macro avg       0.69      0.69      0.68      4718
weighted avg       0.69      0.68      0.68      4718

