================================================================================================================================
ContraTCR Colab Test
================================================================================================================================
Executed with: python ./run.py--config_path./config/final/final_regular_lora_33.yaml--train_feature_path./result/final_regular_extract/20241128-05-40-59/feature_data_train.csv--test_feature_path./result/final_regular_extract/20241128-05-40-59/feature_data_test.csv--modepredict--result_path./result/final_regular_predict/
================================================================================================================================
Result Directory: /mnt/pixstor/data/yz3qt/11785-TCR/result/final_regular_predict/20241201-02-50-37
Checkpoint Directory: /mnt/pixstor/data/yz3qt/11785-TCR/result/final_regular_predict/20241201-02-50-37/checkpoint
Log Directory: /mnt/pixstor/data/yz3qt/11785-TCR/result/final_regular_predict/20241201-02-50-37/loginfo.log
Config Directory: /mnt/pixstor/data/yz3qt/11785-TCR/result/final_regular_predict/20241201-02-50-37/final_regular_lora_33.yaml
Current Working Directory: /mnt/pixstor/data/yz3qt/11785-TCR
================================================================================================================================
#### final_regular_lora_33.yaml ####
    #fix_seed: 42
    description: "ContraTCR Colab Test"
    dataset: "PyTDC"
    tcr_embedding_source: "BindingSite"
              # "Full"
    batch_mode: "Regular"
                  # "ByEpitope"
                  # "Regular"
    batch_size: 192  # 192
    epochs: 400
    max_learning_rate: 3e-4
    min_learning_rate: 0
    
    optimizer_beta1: 0.9
    optimizer_beta2: 0.999
    optimizer_weight_decay: 0.0005
    optimizer_eps: 1e-16
    
    scheduler_first_cycle_steps: 100
    scheduler_warmup_epochs: 0
    scheduler_gamma: 1
    
    contrastive_mode: "Triplet"
                      # "Triplet"
                      # "MultiPosNeg"
    n_pos: 2
    n_neg: 3
    temp: 0.1
    
    negative_sampling_mode: "ExcludePos"
                            # "ExcludePos"
                            # "RandomNeg"
                            # "HardNeg"
    hard_neg_mining_sample_num: 1
    hard_neg_mining_adaptive_rate: 2
    
    encoder_name:  esm2_t33_650M_UR50D
                    # esm2_t36_3B_UR50D,
                    # esm2_t33_650M_UR50D,
                    # esm2_t30_150M_UR50D,
                    # esm2_t12_35M_UR50D,
                    # esm2_t6_8M_UR50D,
    tune_ESM_table: False
    fine_tuning:
      enable: False
      unfix_last_layer: 4
    adapter_h:
      enable: False
      num_end_adapter_layers: 12
      module_type: "MLP1"
    lora:
      enable: True
      esm_num_end_lora: 33
      r: 8
      alpha: 32
      dropout: 0.05
    
    
    projection_head_name: "LayerNorm"
    hidden_dim: 512
    out_dim: 128
    drop_out: 0.1
================================================================================================================================
XGBoost model training & binding specificity prediction
Accuracy on test data: 0.7279
AUROC on test data: 0.8002
AUPR on test data: 0.7899
F1 Score on test data: 0.7405
Classification Report:
              precision    recall  f1-score   support

           0       0.74      0.69      0.71      2335
           1       0.71      0.77      0.74      2383

    accuracy                           0.73      4718
   macro avg       0.73      0.73      0.73      4718
weighted avg       0.73      0.73      0.73      4718

================================================================================================================================
XGBoost model training & binding specificity prediction - with additional SMI features
Accuracy on test data: 0.7353
AUROC on test data: 0.8137
AUPR on test data: 0.8036
F1 Score on test data: 0.7432
Classification Report:
              precision    recall  f1-score   support

           0       0.74      0.71      0.73      2335
           1       0.73      0.76      0.74      2383

    accuracy                           0.74      4718
   macro avg       0.74      0.74      0.74      4718
weighted avg       0.74      0.74      0.74      4718

================================================================================================================================
MLP model training & binding specificity prediction
Accuracy on test data: 0.7444
AUROC on test data: 0.8181
AUPR on test data: 0.8025
F1 Score on test data: 0.7561
Classification Report:
              precision    recall  f1-score   support

           0       0.76      0.70      0.73      2335
           1       0.73      0.78      0.76      2383

    accuracy                           0.74      4718
   macro avg       0.75      0.74      0.74      4718
weighted avg       0.75      0.74      0.74      4718

================================================================================================================================
MLP model training & binding specificity prediction - with additional SMI features
Accuracy on test data: 0.7431
AUROC on test data: 0.8156
AUPR on test data: 0.8002
F1 Score on test data: 0.7467
Classification Report:
              precision    recall  f1-score   support

           0       0.74      0.74      0.74      2335
           1       0.74      0.75      0.75      2383

    accuracy                           0.74      4718
   macro avg       0.74      0.74      0.74      4718
weighted avg       0.74      0.74      0.74      4718

================================================================================================================================
CNN model training & binding specificity prediction
Accuracy on test data: 0.7484
AUROC on test data: 0.8203
AUPR on test data: 0.8013
F1 Score on test data: 0.7438
Classification Report:
              precision    recall  f1-score   support

           0       0.73      0.77      0.75      2335
           1       0.77      0.72      0.74      2383

    accuracy                           0.75      4718
   macro avg       0.75      0.75      0.75      4718
weighted avg       0.75      0.75      0.75      4718

================================================================================================================================
CNN model training & binding specificity prediction - with additional SMI features
Accuracy on test data: 0.7516
AUROC on test data: 0.8272
AUPR on test data: 0.8119
F1 Score on test data: 0.7605
Classification Report:
              precision    recall  f1-score   support

           0       0.76      0.72      0.74      2335
           1       0.74      0.78      0.76      2383

    accuracy                           0.75      4718
   macro avg       0.75      0.75      0.75      4718
weighted avg       0.75      0.75      0.75      4718

